INFO:     Started server process [246330]
INFO:     Waiting for application startup.
2026-03-25 04:09:06 - src.gateway.app - INFO - Configuration loaded successfully
2026-03-25 04:09:06 - src.gateway.app - INFO - Starting API Gateway on 0.0.0.0:8001
2026-03-25 04:09:07 - src.channels.manager - INFO - ChannelManager started (max_concurrency=5)
2026-03-25 04:09:07 - src.channels.telegram - INFO - Telegram channel started
2026-03-25 04:09:07 - src.channels.service - INFO - Channel telegram started
2026-03-25 04:09:07 - src.channels.service - INFO - ChannelService started with channels: ['telegram']
2026-03-25 04:09:07 - src.gateway.app - INFO - Channel service started: {'service_running': True, 'channels': {'feishu': {'enabled': False, 'running': False}, 'slack': {'enabled': False, 'running': False}, 'telegram': {'enabled': True, 'running': True}}}
2026-03-25 04:09:07 - src.channels.manager - INFO - [Manager] dispatch loop started, waiting for inbound messages
INFO:     Application startup complete.
ERROR:    [Errno 98] error while attempting to bind on address ('0.0.0.0', 8001): address already in use
INFO:     Waiting for application shutdown.
2026-03-25 04:09:07 - src.channels.telegram - ERROR - Error during Telegram shutdown
Traceback (most recent call last):
  File "/opt/deer-flow/backend/src/channels/telegram.py", line 407, in _run_polling
    self._tg_loop.run_until_complete(self._application.stop())
  File "/root/.local/share/uv/python/cpython-3.12.13-linux-x86_64-gnu/lib/python3.12/asyncio/base_events.py", line 691, in run_until_complete
    return future.result()
           ^^^^^^^^^^^^^^^
  File "/opt/deer-flow/backend/.venv/lib/python3.12/site-packages/telegram/ext/_application.py", line 663, in stop
    raise RuntimeError("This Application is not running!")
RuntimeError: This Application is not running!
2026-03-25 04:09:07 - src.channels.telegram - INFO - Telegram channel stopped
2026-03-25 04:09:07 - src.channels.service - INFO - Channel telegram stopped
2026-03-25 04:09:07 - src.channels.manager - INFO - ChannelManager stopped
2026-03-25 04:09:07 - src.channels.service - INFO - ChannelService stopped
2026-03-25 04:09:07 - src.gateway.app - INFO - Shutting down API Gateway
INFO:     Application shutdown complete.
